e:\mmcs\graphics\opengl12\x64\release\vc143.pdb
e:\mmcs\graphics\opengl12\x64\release\main.obj
e:\mmcs\graphics\opengl12\x64\release\imguifiledialog.obj
e:\mmcs\graphics\opengl12\x64\release\painter_state.obj
e:\mmcs\graphics\opengl12\x64\release\opengl12.ipdb
e:\mmcs\graphics\opengl12\x64\release\opengl12.iobj
e:\mmcs\graphics\opengl12\x64\release\opengl12.lib
e:\mmcs\graphics\opengl12\x64\release\opengl12.exp
e:\mmcs\graphics\opengl12\x64\release\opengl12.exe
e:\mmcs\graphics\opengl12\x64\release\opengl12.pdb
e:\mmcs\graphics\opengl12\x64\release\glew32.dll
e:\mmcs\graphics\opengl12\x64\release\sfml-graphics-2.dll
e:\mmcs\graphics\opengl12\x64\release\sfml-window-2.dll
e:\mmcs\graphics\opengl12\x64\release\sfml-system-2.dll
e:\mmcs\graphics\opengl12\x64\release\freetype.dll
e:\mmcs\graphics\opengl12\x64\release\zlib1.dll
e:\mmcs\graphics\opengl12\x64\release\bz2.dll
e:\mmcs\graphics\opengl12\x64\release\libpng16.dll
e:\mmcs\graphics\opengl12\x64\release\brotlidec.dll
e:\mmcs\graphics\opengl12\x64\release\brotlicommon.dll
e:\mmcs\graphics\opengl12\x64\release\opengl12.tlog\cl.command.1.tlog
e:\mmcs\graphics\opengl12\x64\release\opengl12.tlog\cl.items.tlog
e:\mmcs\graphics\opengl12\x64\release\opengl12.tlog\cl.read.1.tlog
e:\mmcs\graphics\opengl12\x64\release\opengl12.tlog\cl.write.1.tlog
e:\mmcs\graphics\opengl12\x64\release\opengl12.tlog\link.command.1.tlog
e:\mmcs\graphics\opengl12\x64\release\opengl12.tlog\link.read.1.tlog
e:\mmcs\graphics\opengl12\x64\release\opengl12.tlog\link.write.1.tlog
e:\mmcs\graphics\opengl12\x64\release\opengl12.tlog\link.write.2u.tlog
e:\mmcs\graphics\opengl12\x64\release\opengl12.tlog\opengl12.write.1u.tlog
