  ImGuiFileDialog.cpp
  main.cpp
E:\mmcs\graphics\opengl12\painter.h(121,13): warning C4244: аргумент: преобразование "time_t" в "unsigned int", возможна потеря данных
E:\mmcs\graphics\opengl12\painter.h(128,26): warning C4305: аргумент: усечение из "double" в "float"
E:\mmcs\graphics\opengl12\painter.h(128,46): warning C4305: аргумент: усечение из "double" в "float"
E:\mmcs\graphics\opengl12\painter.h(129,26): warning C4305: аргумент: усечение из "double" в "float"
E:\mmcs\graphics\opengl12\painter.h(129,45): warning C4305: аргумент: усечение из "double" в "float"
E:\mmcs\graphics\opengl12\painter.h(130,25): warning C4305: аргумент: усечение из "double" в "float"
E:\mmcs\graphics\opengl12\painter.h(130,44): warning C4305: аргумент: усечение из "double" в "float"
E:\mmcs\graphics\opengl12\painter.h(131,25): warning C4305: аргумент: усечение из "double" в "float"
E:\mmcs\graphics\opengl12\painter.h(131,45): warning C4305: аргумент: усечение из "double" в "float"
E:\mmcs\graphics\opengl12\painter.h(147,20): warning C4305: инициализация: усечение из "double" в "float"
E:\mmcs\graphics\opengl12\painter.h(147,75): warning C4244: +=: преобразование "double" в "float", возможна потеря данных
E:\mmcs\graphics\opengl12\painter.h(255,13): warning C4244: аргумент: преобразование "time_t" в "unsigned int", возможна потеря данных
E:\mmcs\graphics\opengl12\main.cpp(15,10): warning C4067: непредвиденные лексемы за директивой препроцессора, требуется newline
E:\mmcs\graphics\opengl12\main.cpp(16,10): warning C4067: непредвиденные лексемы за директивой препроцессора, требуется newline
  painter_state.cpp
E:\mmcs\graphics\opengl12\painter_state.cpp(2,10): warning C4067: непредвиденные лексемы за директивой препроцессора, требуется newline
  Создание кода...
     Создается библиотека E:\mmcs\graphics\opengl12\x64\Debug\opengl12.lib и объект E:\mmcs\graphics\opengl12\x64\Debug\opengl12.exp
  opengl12.vcxproj -> E:\mmcs\graphics\opengl12\x64\Debug\opengl12.exe
